

Started GET "/" for 127.0.0.1 at 2015-05-15 00:04:07 +0530

ActiveRecord::ConnectionNotEstablished (ActiveRecord::ConnectionNotEstablished):
  activerecord (4.1.9) lib/active_record/connection_adapters/abstract/connection_pool.rb:541:in `retrieve_connection'
  activerecord (4.1.9) lib/active_record/connection_handling.rb:113:in `retrieve_connection'
  activerecord (4.1.9) lib/active_record/connection_handling.rb:87:in `connection'
  activerecord (4.1.9) lib/active_record/query_cache.rb:51:in `restore_query_cache_settings'
  activerecord (4.1.9) lib/active_record/query_cache.rb:43:in `rescue in call'
  activerecord (4.1.9) lib/active_record/query_cache.rb:32:in `call'
  activerecord (4.1.9) lib/active_record/connection_adapters/abstract/connection_pool.rb:621:in `call'
  activerecord (4.1.9) lib/active_record/migration.rb:380:in `call'
  actionpack (4.1.9) lib/action_dispatch/middleware/callbacks.rb:29:in `block in call'
  activesupport (4.1.9) lib/active_support/callbacks.rb:82:in `run_callbacks'
  actionpack (4.1.9) lib/action_dispatch/middleware/callbacks.rb:27:in `call'
  actionpack (4.1.9) lib/action_dispatch/middleware/reloader.rb:73:in `call'
  actionpack (4.1.9) lib/action_dispatch/middleware/remote_ip.rb:76:in `call'
  actionpack (4.1.9) lib/action_dispatch/middleware/debug_exceptions.rb:17:in `call'
  actionpack (4.1.9) lib/action_dispatch/middleware/show_exceptions.rb:30:in `call'
  railties (4.1.9) lib/rails/rack/logger.rb:38:in `call_app'
  railties (4.1.9) lib/rails/rack/logger.rb:20:in `block in call'
  activesupport (4.1.9) lib/active_support/tagged_logging.rb:68:in `block in tagged'
  activesupport (4.1.9) lib/active_support/tagged_logging.rb:26:in `tagged'
  activesupport (4.1.9) lib/active_support/tagged_logging.rb:68:in `tagged'
  railties (4.1.9) lib/rails/rack/logger.rb:20:in `call'
  actionpack (4.1.9) lib/action_dispatch/middleware/request_id.rb:21:in `call'
  rack (1.5.3) lib/rack/methodoverride.rb:21:in `call'
  rack (1.5.3) lib/rack/runtime.rb:17:in `call'
  activesupport (4.1.9) lib/active_support/cache/strategy/local_cache_middleware.rb:26:in `call'
  rack (1.5.3) lib/rack/lock.rb:17:in `call'
  actionpack (4.1.9) lib/action_dispatch/middleware/static.rb:84:in `call'
  rack (1.5.3) lib/rack/sendfile.rb:112:in `call'
  railties (4.1.9) lib/rails/engine.rb:514:in `call'
  railties (4.1.9) lib/rails/application.rb:144:in `call'
  rack (1.5.3) lib/rack/lock.rb:17:in `call'
  rack (1.5.3) lib/rack/content_length.rb:14:in `call'
  rack (1.5.3) lib/rack/handler/webrick.rb:60:in `service'
  /Users/prabhat/.rbenv/versions/1.9.3-p551/lib/ruby/1.9.1/webrick/httpserver.rb:138:in `service'
  /Users/prabhat/.rbenv/versions/1.9.3-p551/lib/ruby/1.9.1/webrick/httpserver.rb:94:in `run'
  /Users/prabhat/.rbenv/versions/1.9.3-p551/lib/ruby/1.9.1/webrick/server.rb:191:in `block in start_thread'


  Rendered /Users/prabhat/.rbenv/versions/1.9.3-p551/lib/ruby/gems/1.9.1/gems/actionpack-4.1.9/lib/action_dispatch/middleware/templates/rescues/_source.erb (0.7ms)
  Rendered /Users/prabhat/.rbenv/versions/1.9.3-p551/lib/ruby/gems/1.9.1/gems/actionpack-4.1.9/lib/action_dispatch/middleware/templates/rescues/_trace.html.erb (1.0ms)
  Rendered /Users/prabhat/.rbenv/versions/1.9.3-p551/lib/ruby/gems/1.9.1/gems/actionpack-4.1.9/lib/action_dispatch/middleware/templates/rescues/_request_and_response.html.erb (0.8ms)
  Rendered /Users/prabhat/.rbenv/versions/1.9.3-p551/lib/ruby/gems/1.9.1/gems/actionpack-4.1.9/lib/action_dispatch/middleware/templates/rescues/diagnostics.erb within rescues/layout (23.4ms)


Started GET "/" for 127.0.0.1 at 2015-05-15 00:05:02 +0530

ActiveRecord::ConnectionNotEstablished (ActiveRecord::ConnectionNotEstablished):
  activerecord (4.1.9) lib/active_record/connection_adapters/abstract/connection_pool.rb:541:in `retrieve_connection'
  activerecord (4.1.9) lib/active_record/connection_handling.rb:113:in `retrieve_connection'
  activerecord (4.1.9) lib/active_record/connection_handling.rb:87:in `connection'
  activerecord (4.1.9) lib/active_record/query_cache.rb:51:in `restore_query_cache_settings'
  activerecord (4.1.9) lib/active_record/query_cache.rb:43:in `rescue in call'
  activerecord (4.1.9) lib/active_record/query_cache.rb:32:in `call'
  activerecord (4.1.9) lib/active_record/connection_adapters/abstract/connection_pool.rb:621:in `call'
  activerecord (4.1.9) lib/active_record/migration.rb:380:in `call'
  actionpack (4.1.9) lib/action_dispatch/middleware/callbacks.rb:29:in `block in call'
  activesupport (4.1.9) lib/active_support/callbacks.rb:82:in `run_callbacks'
  actionpack (4.1.9) lib/action_dispatch/middleware/callbacks.rb:27:in `call'
  actionpack (4.1.9) lib/action_dispatch/middleware/reloader.rb:73:in `call'
  actionpack (4.1.9) lib/action_dispatch/middleware/remote_ip.rb:76:in `call'
  actionpack (4.1.9) lib/action_dispatch/middleware/debug_exceptions.rb:17:in `call'
  actionpack (4.1.9) lib/action_dispatch/middleware/show_exceptions.rb:30:in `call'
  railties (4.1.9) lib/rails/rack/logger.rb:38:in `call_app'
  railties (4.1.9) lib/rails/rack/logger.rb:20:in `block in call'
  activesupport (4.1.9) lib/active_support/tagged_logging.rb:68:in `block in tagged'
  activesupport (4.1.9) lib/active_support/tagged_logging.rb:26:in `tagged'
  activesupport (4.1.9) lib/active_support/tagged_logging.rb:68:in `tagged'
  railties (4.1.9) lib/rails/rack/logger.rb:20:in `call'
  actionpack (4.1.9) lib/action_dispatch/middleware/request_id.rb:21:in `call'
  rack (1.5.3) lib/rack/methodoverride.rb:21:in `call'
  rack (1.5.3) lib/rack/runtime.rb:17:in `call'
  activesupport (4.1.9) lib/active_support/cache/strategy/local_cache_middleware.rb:26:in `call'
  rack (1.5.3) lib/rack/lock.rb:17:in `call'
  actionpack (4.1.9) lib/action_dispatch/middleware/static.rb:84:in `call'
  rack (1.5.3) lib/rack/sendfile.rb:112:in `call'
  railties (4.1.9) lib/rails/engine.rb:514:in `call'
  railties (4.1.9) lib/rails/application.rb:144:in `call'
  rack (1.5.3) lib/rack/lock.rb:17:in `call'
  rack (1.5.3) lib/rack/content_length.rb:14:in `call'
  rack (1.5.3) lib/rack/handler/webrick.rb:60:in `service'
  /Users/prabhat/.rbenv/versions/1.9.3-p551/lib/ruby/1.9.1/webrick/httpserver.rb:138:in `service'
  /Users/prabhat/.rbenv/versions/1.9.3-p551/lib/ruby/1.9.1/webrick/httpserver.rb:94:in `run'
  /Users/prabhat/.rbenv/versions/1.9.3-p551/lib/ruby/1.9.1/webrick/server.rb:191:in `block in start_thread'


  Rendered /Users/prabhat/.rbenv/versions/1.9.3-p551/lib/ruby/gems/1.9.1/gems/actionpack-4.1.9/lib/action_dispatch/middleware/templates/rescues/_source.erb (0.4ms)
  Rendered /Users/prabhat/.rbenv/versions/1.9.3-p551/lib/ruby/gems/1.9.1/gems/actionpack-4.1.9/lib/action_dispatch/middleware/templates/rescues/_trace.html.erb (0.6ms)
  Rendered /Users/prabhat/.rbenv/versions/1.9.3-p551/lib/ruby/gems/1.9.1/gems/actionpack-4.1.9/lib/action_dispatch/middleware/templates/rescues/_request_and_response.html.erb (0.6ms)
  Rendered /Users/prabhat/.rbenv/versions/1.9.3-p551/lib/ruby/gems/1.9.1/gems/actionpack-4.1.9/lib/action_dispatch/middleware/templates/rescues/diagnostics.erb within rescues/layout (13.2ms)


Started GET "/" for 127.0.0.1 at 2015-05-15 00:06:25 +0530

ActiveRecord::ConnectionNotEstablished (ActiveRecord::ConnectionNotEstablished):
  activerecord (4.1.9) lib/active_record/connection_adapters/abstract/connection_pool.rb:541:in `retrieve_connection'
  activerecord (4.1.9) lib/active_record/connection_handling.rb:113:in `retrieve_connection'
  activerecord (4.1.9) lib/active_record/connection_handling.rb:87:in `connection'
  activerecord (4.1.9) lib/active_record/query_cache.rb:51:in `restore_query_cache_settings'
  activerecord (4.1.9) lib/active_record/query_cache.rb:43:in `rescue in call'
  activerecord (4.1.9) lib/active_record/query_cache.rb:32:in `call'
  activerecord (4.1.9) lib/active_record/connection_adapters/abstract/connection_pool.rb:621:in `call'
  activerecord (4.1.9) lib/active_record/migration.rb:380:in `call'
  actionpack (4.1.9) lib/action_dispatch/middleware/callbacks.rb:29:in `block in call'
  activesupport (4.1.9) lib/active_support/callbacks.rb:82:in `run_callbacks'
  actionpack (4.1.9) lib/action_dispatch/middleware/callbacks.rb:27:in `call'
  actionpack (4.1.9) lib/action_dispatch/middleware/reloader.rb:73:in `call'
  actionpack (4.1.9) lib/action_dispatch/middleware/remote_ip.rb:76:in `call'
  actionpack (4.1.9) lib/action_dispatch/middleware/debug_exceptions.rb:17:in `call'
  actionpack (4.1.9) lib/action_dispatch/middleware/show_exceptions.rb:30:in `call'
  railties (4.1.9) lib/rails/rack/logger.rb:38:in `call_app'
  railties (4.1.9) lib/rails/rack/logger.rb:20:in `block in call'
  activesupport (4.1.9) lib/active_support/tagged_logging.rb:68:in `block in tagged'
  activesupport (4.1.9) lib/active_support/tagged_logging.rb:26:in `tagged'
  activesupport (4.1.9) lib/active_support/tagged_logging.rb:68:in `tagged'
  railties (4.1.9) lib/rails/rack/logger.rb:20:in `call'
  actionpack (4.1.9) lib/action_dispatch/middleware/request_id.rb:21:in `call'
  rack (1.5.3) lib/rack/methodoverride.rb:21:in `call'
  rack (1.5.3) lib/rack/runtime.rb:17:in `call'
  activesupport (4.1.9) lib/active_support/cache/strategy/local_cache_middleware.rb:26:in `call'
  rack (1.5.3) lib/rack/lock.rb:17:in `call'
  actionpack (4.1.9) lib/action_dispatch/middleware/static.rb:84:in `call'
  rack (1.5.3) lib/rack/sendfile.rb:112:in `call'
  railties (4.1.9) lib/rails/engine.rb:514:in `call'
  railties (4.1.9) lib/rails/application.rb:144:in `call'
  rack (1.5.3) lib/rack/lock.rb:17:in `call'
  rack (1.5.3) lib/rack/content_length.rb:14:in `call'
  rack (1.5.3) lib/rack/handler/webrick.rb:60:in `service'
  /Users/prabhat/.rbenv/versions/1.9.3-p551/lib/ruby/1.9.1/webrick/httpserver.rb:138:in `service'
  /Users/prabhat/.rbenv/versions/1.9.3-p551/lib/ruby/1.9.1/webrick/httpserver.rb:94:in `run'
  /Users/prabhat/.rbenv/versions/1.9.3-p551/lib/ruby/1.9.1/webrick/server.rb:191:in `block in start_thread'


  Rendered /Users/prabhat/.rbenv/versions/1.9.3-p551/lib/ruby/gems/1.9.1/gems/actionpack-4.1.9/lib/action_dispatch/middleware/templates/rescues/_source.erb (0.4ms)
  Rendered /Users/prabhat/.rbenv/versions/1.9.3-p551/lib/ruby/gems/1.9.1/gems/actionpack-4.1.9/lib/action_dispatch/middleware/templates/rescues/_trace.html.erb (0.7ms)
  Rendered /Users/prabhat/.rbenv/versions/1.9.3-p551/lib/ruby/gems/1.9.1/gems/actionpack-4.1.9/lib/action_dispatch/middleware/templates/rescues/_request_and_response.html.erb (0.6ms)
  Rendered /Users/prabhat/.rbenv/versions/1.9.3-p551/lib/ruby/gems/1.9.1/gems/actionpack-4.1.9/lib/action_dispatch/middleware/templates/rescues/diagnostics.erb within rescues/layout (11.5ms)


Started GET "/" for 127.0.0.1 at 2015-05-15 00:08:12 +0530

ActiveRecord::ConnectionNotEstablished (ActiveRecord::ConnectionNotEstablished):
  activerecord (4.1.9) lib/active_record/connection_adapters/abstract/connection_pool.rb:541:in `retrieve_connection'
  activerecord (4.1.9) lib/active_record/connection_handling.rb:113:in `retrieve_connection'
  activerecord (4.1.9) lib/active_record/connection_handling.rb:87:in `connection'
  activerecord (4.1.9) lib/active_record/query_cache.rb:51:in `restore_query_cache_settings'
  activerecord (4.1.9) lib/active_record/query_cache.rb:43:in `rescue in call'
  activerecord (4.1.9) lib/active_record/query_cache.rb:32:in `call'
  activerecord (4.1.9) lib/active_record/connection_adapters/abstract/connection_pool.rb:621:in `call'
  activerecord (4.1.9) lib/active_record/migration.rb:380:in `call'
  actionpack (4.1.9) lib/action_dispatch/middleware/callbacks.rb:29:in `block in call'
  activesupport (4.1.9) lib/active_support/callbacks.rb:82:in `run_callbacks'
  actionpack (4.1.9) lib/action_dispatch/middleware/callbacks.rb:27:in `call'
  actionpack (4.1.9) lib/action_dispatch/middleware/reloader.rb:73:in `call'
  actionpack (4.1.9) lib/action_dispatch/middleware/remote_ip.rb:76:in `call'
  actionpack (4.1.9) lib/action_dispatch/middleware/debug_exceptions.rb:17:in `call'
  actionpack (4.1.9) lib/action_dispatch/middleware/show_exceptions.rb:30:in `call'
  railties (4.1.9) lib/rails/rack/logger.rb:38:in `call_app'
  railties (4.1.9) lib/rails/rack/logger.rb:20:in `block in call'
  activesupport (4.1.9) lib/active_support/tagged_logging.rb:68:in `block in tagged'
  activesupport (4.1.9) lib/active_support/tagged_logging.rb:26:in `tagged'
  activesupport (4.1.9) lib/active_support/tagged_logging.rb:68:in `tagged'
  railties (4.1.9) lib/rails/rack/logger.rb:20:in `call'
  actionpack (4.1.9) lib/action_dispatch/middleware/request_id.rb:21:in `call'
  rack (1.5.3) lib/rack/methodoverride.rb:21:in `call'
  rack (1.5.3) lib/rack/runtime.rb:17:in `call'
  activesupport (4.1.9) lib/active_support/cache/strategy/local_cache_middleware.rb:26:in `call'
  rack (1.5.3) lib/rack/lock.rb:17:in `call'
  actionpack (4.1.9) lib/action_dispatch/middleware/static.rb:84:in `call'
  rack (1.5.3) lib/rack/sendfile.rb:112:in `call'
  railties (4.1.9) lib/rails/engine.rb:514:in `call'
  railties (4.1.9) lib/rails/application.rb:144:in `call'
  rack (1.5.3) lib/rack/lock.rb:17:in `call'
  rack (1.5.3) lib/rack/content_length.rb:14:in `call'
  rack (1.5.3) lib/rack/handler/webrick.rb:60:in `service'
  /Users/prabhat/.rbenv/versions/1.9.3-p551/lib/ruby/1.9.1/webrick/httpserver.rb:138:in `service'
  /Users/prabhat/.rbenv/versions/1.9.3-p551/lib/ruby/1.9.1/webrick/httpserver.rb:94:in `run'
  /Users/prabhat/.rbenv/versions/1.9.3-p551/lib/ruby/1.9.1/webrick/server.rb:191:in `block in start_thread'


  Rendered /Users/prabhat/.rbenv/versions/1.9.3-p551/lib/ruby/gems/1.9.1/gems/actionpack-4.1.9/lib/action_dispatch/middleware/templates/rescues/_source.erb (0.5ms)
  Rendered /Users/prabhat/.rbenv/versions/1.9.3-p551/lib/ruby/gems/1.9.1/gems/actionpack-4.1.9/lib/action_dispatch/middleware/templates/rescues/_trace.html.erb (0.7ms)
  Rendered /Users/prabhat/.rbenv/versions/1.9.3-p551/lib/ruby/gems/1.9.1/gems/actionpack-4.1.9/lib/action_dispatch/middleware/templates/rescues/_request_and_response.html.erb (0.7ms)
  Rendered /Users/prabhat/.rbenv/versions/1.9.3-p551/lib/ruby/gems/1.9.1/gems/actionpack-4.1.9/lib/action_dispatch/middleware/templates/rescues/diagnostics.erb within rescues/layout (13.5ms)


Started GET "/" for 127.0.0.1 at 2015-05-15 00:10:16 +0530

ActiveRecord::ConnectionNotEstablished (ActiveRecord::ConnectionNotEstablished):
  activerecord (4.1.9) lib/active_record/connection_adapters/abstract/connection_pool.rb:541:in `retrieve_connection'
  activerecord (4.1.9) lib/active_record/connection_handling.rb:113:in `retrieve_connection'
  activerecord (4.1.9) lib/active_record/connection_handling.rb:87:in `connection'
  activerecord (4.1.9) lib/active_record/query_cache.rb:51:in `restore_query_cache_settings'
  activerecord (4.1.9) lib/active_record/query_cache.rb:43:in `rescue in call'
  activerecord (4.1.9) lib/active_record/query_cache.rb:32:in `call'
  activerecord (4.1.9) lib/active_record/connection_adapters/abstract/connection_pool.rb:621:in `call'
  activerecord (4.1.9) lib/active_record/migration.rb:380:in `call'
  actionpack (4.1.9) lib/action_dispatch/middleware/callbacks.rb:29:in `block in call'
  activesupport (4.1.9) lib/active_support/callbacks.rb:82:in `run_callbacks'
  actionpack (4.1.9) lib/action_dispatch/middleware/callbacks.rb:27:in `call'
  actionpack (4.1.9) lib/action_dispatch/middleware/reloader.rb:73:in `call'
  actionpack (4.1.9) lib/action_dispatch/middleware/remote_ip.rb:76:in `call'
  actionpack (4.1.9) lib/action_dispatch/middleware/debug_exceptions.rb:17:in `call'
  actionpack (4.1.9) lib/action_dispatch/middleware/show_exceptions.rb:30:in `call'
  railties (4.1.9) lib/rails/rack/logger.rb:38:in `call_app'
  railties (4.1.9) lib/rails/rack/logger.rb:20:in `block in call'
  activesupport (4.1.9) lib/active_support/tagged_logging.rb:68:in `block in tagged'
  activesupport (4.1.9) lib/active_support/tagged_logging.rb:26:in `tagged'
  activesupport (4.1.9) lib/active_support/tagged_logging.rb:68:in `tagged'
  railties (4.1.9) lib/rails/rack/logger.rb:20:in `call'
  actionpack (4.1.9) lib/action_dispatch/middleware/request_id.rb:21:in `call'
  rack (1.5.3) lib/rack/methodoverride.rb:21:in `call'
  rack (1.5.3) lib/rack/runtime.rb:17:in `call'
  activesupport (4.1.9) lib/active_support/cache/strategy/local_cache_middleware.rb:26:in `call'
  rack (1.5.3) lib/rack/lock.rb:17:in `call'
  actionpack (4.1.9) lib/action_dispatch/middleware/static.rb:84:in `call'
  rack (1.5.3) lib/rack/sendfile.rb:112:in `call'
  railties (4.1.9) lib/rails/engine.rb:514:in `call'
  railties (4.1.9) lib/rails/application.rb:144:in `call'
  rack (1.5.3) lib/rack/lock.rb:17:in `call'
  rack (1.5.3) lib/rack/content_length.rb:14:in `call'
  rack (1.5.3) lib/rack/handler/webrick.rb:60:in `service'
  /Users/prabhat/.rbenv/versions/1.9.3-p551/lib/ruby/1.9.1/webrick/httpserver.rb:138:in `service'
  /Users/prabhat/.rbenv/versions/1.9.3-p551/lib/ruby/1.9.1/webrick/httpserver.rb:94:in `run'
  /Users/prabhat/.rbenv/versions/1.9.3-p551/lib/ruby/1.9.1/webrick/server.rb:191:in `block in start_thread'


  Rendered /Users/prabhat/.rbenv/versions/1.9.3-p551/lib/ruby/gems/1.9.1/gems/actionpack-4.1.9/lib/action_dispatch/middleware/templates/rescues/_source.erb (0.5ms)
  Rendered /Users/prabhat/.rbenv/versions/1.9.3-p551/lib/ruby/gems/1.9.1/gems/actionpack-4.1.9/lib/action_dispatch/middleware/templates/rescues/_trace.html.erb (0.6ms)
  Rendered /Users/prabhat/.rbenv/versions/1.9.3-p551/lib/ruby/gems/1.9.1/gems/actionpack-4.1.9/lib/action_dispatch/middleware/templates/rescues/_request_and_response.html.erb (0.6ms)
  Rendered /Users/prabhat/.rbenv/versions/1.9.3-p551/lib/ruby/gems/1.9.1/gems/actionpack-4.1.9/lib/action_dispatch/middleware/templates/rescues/diagnostics.erb within rescues/layout (13.5ms)


Started GET "/" for 127.0.0.1 at 2015-05-15 00:22:46 +0530

RuntimeError (YAML syntax error occurred while parsing /Users/prabhat/OpenSourceProjects/receta/config/database.yml. Please note that YAML must be consistently indented using spaces. Tabs are not allowed. Error: (<unknown>): found character that cannot start any token while scanning for the next token at line 8 column 1):
  railties (4.1.9) lib/rails/application/configuration.rb:110:in `rescue in database_configuration'
  railties (4.1.9) lib/rails/application/configuration.rb:94:in `database_configuration'
  activerecord (4.1.9) lib/active_record/railtie.rb:126:in `block (2 levels) in <class:Railtie>'
  activesupport (4.1.9) lib/active_support/lazy_load_hooks.rb:38:in `instance_eval'
  activesupport (4.1.9) lib/active_support/lazy_load_hooks.rb:38:in `execute_hook'
  activesupport (4.1.9) lib/active_support/lazy_load_hooks.rb:45:in `block in run_load_hooks'
  activesupport (4.1.9) lib/active_support/lazy_load_hooks.rb:44:in `each'
  activesupport (4.1.9) lib/active_support/lazy_load_hooks.rb:44:in `run_load_hooks'
  activerecord (4.1.9) lib/active_record/base.rb:326:in `<module:ActiveRecord>'
  activerecord (4.1.9) lib/active_record/base.rb:23:in `<top (required)>'
  activerecord (4.1.9) lib/active_record/connection_adapters/abstract/connection_pool.rb:628:in `rescue in call'
  activerecord (4.1.9) lib/active_record/connection_adapters/abstract/connection_pool.rb:619:in `call'
  activerecord (4.1.9) lib/active_record/migration.rb:380:in `call'
  actionpack (4.1.9) lib/action_dispatch/middleware/callbacks.rb:29:in `block in call'
  activesupport (4.1.9) lib/active_support/callbacks.rb:82:in `run_callbacks'
  actionpack (4.1.9) lib/action_dispatch/middleware/callbacks.rb:27:in `call'
  actionpack (4.1.9) lib/action_dispatch/middleware/reloader.rb:73:in `call'
  actionpack (4.1.9) lib/action_dispatch/middleware/remote_ip.rb:76:in `call'
  actionpack (4.1.9) lib/action_dispatch/middleware/debug_exceptions.rb:17:in `call'
  actionpack (4.1.9) lib/action_dispatch/middleware/show_exceptions.rb:30:in `call'
  railties (4.1.9) lib/rails/rack/logger.rb:38:in `call_app'
  railties (4.1.9) lib/rails/rack/logger.rb:20:in `block in call'
  activesupport (4.1.9) lib/active_support/tagged_logging.rb:68:in `block in tagged'
  activesupport (4.1.9) lib/active_support/tagged_logging.rb:26:in `tagged'
  activesupport (4.1.9) lib/active_support/tagged_logging.rb:68:in `tagged'
  railties (4.1.9) lib/rails/rack/logger.rb:20:in `call'
  actionpack (4.1.9) lib/action_dispatch/middleware/request_id.rb:21:in `call'
  rack (1.5.3) lib/rack/methodoverride.rb:21:in `call'
  rack (1.5.3) lib/rack/runtime.rb:17:in `call'
  activesupport (4.1.9) lib/active_support/cache/strategy/local_cache_middleware.rb:26:in `call'
  rack (1.5.3) lib/rack/lock.rb:17:in `call'
  actionpack (4.1.9) lib/action_dispatch/middleware/static.rb:84:in `call'
  rack (1.5.3) lib/rack/sendfile.rb:112:in `call'
  railties (4.1.9) lib/rails/engine.rb:514:in `call'
  railties (4.1.9) lib/rails/application.rb:144:in `call'
  rack (1.5.3) lib/rack/lock.rb:17:in `call'
  rack (1.5.3) lib/rack/content_length.rb:14:in `call'
  rack (1.5.3) lib/rack/handler/webrick.rb:60:in `service'
  /Users/prabhat/.rbenv/versions/2.1.6/lib/ruby/2.1.0/webrick/httpserver.rb:138:in `service'
  /Users/prabhat/.rbenv/versions/2.1.6/lib/ruby/2.1.0/webrick/httpserver.rb:94:in `run'
  /Users/prabhat/.rbenv/versions/2.1.6/lib/ruby/2.1.0/webrick/server.rb:295:in `block in start_thread'


  Rendered /Users/prabhat/.rbenv/versions/2.1.6/lib/ruby/gems/2.1.0/gems/actionpack-4.1.9/lib/action_dispatch/middleware/templates/rescues/_source.erb (0.4ms)
  Rendered /Users/prabhat/.rbenv/versions/2.1.6/lib/ruby/gems/2.1.0/gems/actionpack-4.1.9/lib/action_dispatch/middleware/templates/rescues/_trace.html.erb (0.8ms)
  Rendered /Users/prabhat/.rbenv/versions/2.1.6/lib/ruby/gems/2.1.0/gems/actionpack-4.1.9/lib/action_dispatch/middleware/templates/rescues/_request_and_response.html.erb (0.7ms)
  Rendered /Users/prabhat/.rbenv/versions/2.1.6/lib/ruby/gems/2.1.0/gems/actionpack-4.1.9/lib/action_dispatch/middleware/templates/rescues/diagnostics.erb within rescues/layout (13.8ms)


Started GET "/" for 127.0.0.1 at 2015-05-15 00:24:55 +0530

Gem::LoadError (Specified 'mysql2' for database adapter, but the gem is not loaded. Add `gem 'mysql2'` to your Gemfile (and ensure its version is at the minimum required by ActiveRecord).):
  activerecord (4.1.9) lib/active_record/connection_adapters/connection_specification.rb:190:in `rescue in spec'
  activerecord (4.1.9) lib/active_record/connection_adapters/connection_specification.rb:187:in `spec'
  activerecord (4.1.9) lib/active_record/connection_handling.rb:50:in `establish_connection'
  activerecord (4.1.9) lib/active_record/railtie.rb:127:in `block (2 levels) in <class:Railtie>'
  activesupport (4.1.9) lib/active_support/lazy_load_hooks.rb:38:in `instance_eval'
  activesupport (4.1.9) lib/active_support/lazy_load_hooks.rb:38:in `execute_hook'
  activesupport (4.1.9) lib/active_support/lazy_load_hooks.rb:45:in `block in run_load_hooks'
  activesupport (4.1.9) lib/active_support/lazy_load_hooks.rb:44:in `each'
  activesupport (4.1.9) lib/active_support/lazy_load_hooks.rb:44:in `run_load_hooks'
  activerecord (4.1.9) lib/active_record/base.rb:326:in `<module:ActiveRecord>'
  activerecord (4.1.9) lib/active_record/base.rb:23:in `<top (required)>'
  activerecord (4.1.9) lib/active_record/connection_adapters/abstract/connection_pool.rb:628:in `rescue in call'
  activerecord (4.1.9) lib/active_record/connection_adapters/abstract/connection_pool.rb:619:in `call'
  activerecord (4.1.9) lib/active_record/migration.rb:380:in `call'
  actionpack (4.1.9) lib/action_dispatch/middleware/callbacks.rb:29:in `block in call'
  activesupport (4.1.9) lib/active_support/callbacks.rb:82:in `run_callbacks'
  actionpack (4.1.9) lib/action_dispatch/middleware/callbacks.rb:27:in `call'
  actionpack (4.1.9) lib/action_dispatch/middleware/reloader.rb:73:in `call'
  actionpack (4.1.9) lib/action_dispatch/middleware/remote_ip.rb:76:in `call'
  actionpack (4.1.9) lib/action_dispatch/middleware/debug_exceptions.rb:17:in `call'
  actionpack (4.1.9) lib/action_dispatch/middleware/show_exceptions.rb:30:in `call'
  railties (4.1.9) lib/rails/rack/logger.rb:38:in `call_app'
  railties (4.1.9) lib/rails/rack/logger.rb:20:in `block in call'
  activesupport (4.1.9) lib/active_support/tagged_logging.rb:68:in `block in tagged'
  activesupport (4.1.9) lib/active_support/tagged_logging.rb:26:in `tagged'
  activesupport (4.1.9) lib/active_support/tagged_logging.rb:68:in `tagged'
  railties (4.1.9) lib/rails/rack/logger.rb:20:in `call'
  actionpack (4.1.9) lib/action_dispatch/middleware/request_id.rb:21:in `call'
  rack (1.5.3) lib/rack/methodoverride.rb:21:in `call'
  rack (1.5.3) lib/rack/runtime.rb:17:in `call'
  activesupport (4.1.9) lib/active_support/cache/strategy/local_cache_middleware.rb:26:in `call'
  rack (1.5.3) lib/rack/lock.rb:17:in `call'
  actionpack (4.1.9) lib/action_dispatch/middleware/static.rb:84:in `call'
  rack (1.5.3) lib/rack/sendfile.rb:112:in `call'
  railties (4.1.9) lib/rails/engine.rb:514:in `call'
  railties (4.1.9) lib/rails/application.rb:144:in `call'
  rack (1.5.3) lib/rack/lock.rb:17:in `call'
  rack (1.5.3) lib/rack/content_length.rb:14:in `call'
  rack (1.5.3) lib/rack/handler/webrick.rb:60:in `service'
  /Users/prabhat/.rbenv/versions/2.1.6/lib/ruby/2.1.0/webrick/httpserver.rb:138:in `service'
  /Users/prabhat/.rbenv/versions/2.1.6/lib/ruby/2.1.0/webrick/httpserver.rb:94:in `run'
  /Users/prabhat/.rbenv/versions/2.1.6/lib/ruby/2.1.0/webrick/server.rb:295:in `block in start_thread'


  Rendered /Users/prabhat/.rbenv/versions/2.1.6/lib/ruby/gems/2.1.0/gems/actionpack-4.1.9/lib/action_dispatch/middleware/templates/rescues/_source.erb (0.4ms)
  Rendered /Users/prabhat/.rbenv/versions/2.1.6/lib/ruby/gems/2.1.0/gems/actionpack-4.1.9/lib/action_dispatch/middleware/templates/rescues/_trace.html.erb (0.8ms)
  Rendered /Users/prabhat/.rbenv/versions/2.1.6/lib/ruby/gems/2.1.0/gems/actionpack-4.1.9/lib/action_dispatch/middleware/templates/rescues/_request_and_response.html.erb (0.6ms)
  Rendered /Users/prabhat/.rbenv/versions/2.1.6/lib/ruby/gems/2.1.0/gems/actionpack-4.1.9/lib/action_dispatch/middleware/templates/rescues/diagnostics.erb within rescues/layout (12.4ms)


Started GET "/" for 127.0.0.1 at 2015-05-15 00:28:17 +0530

Gem::LoadError (Specified 'mysql2' for database adapter, but the gem is not loaded. Add `gem 'mysql2'` to your Gemfile (and ensure its version is at the minimum required by ActiveRecord).):
  activerecord (4.1.9) lib/active_record/connection_adapters/connection_specification.rb:190:in `rescue in spec'
  activerecord (4.1.9) lib/active_record/connection_adapters/connection_specification.rb:187:in `spec'
  activerecord (4.1.9) lib/active_record/connection_handling.rb:50:in `establish_connection'
  activerecord (4.1.9) lib/active_record/railtie.rb:127:in `block (2 levels) in <class:Railtie>'
  activesupport (4.1.9) lib/active_support/lazy_load_hooks.rb:38:in `instance_eval'
  activesupport (4.1.9) lib/active_support/lazy_load_hooks.rb:38:in `execute_hook'
  activesupport (4.1.9) lib/active_support/lazy_load_hooks.rb:45:in `block in run_load_hooks'
  activesupport (4.1.9) lib/active_support/lazy_load_hooks.rb:44:in `each'
  activesupport (4.1.9) lib/active_support/lazy_load_hooks.rb:44:in `run_load_hooks'
  activerecord (4.1.9) lib/active_record/base.rb:326:in `<module:ActiveRecord>'
  activerecord (4.1.9) lib/active_record/base.rb:23:in `<top (required)>'
  activerecord (4.1.9) lib/active_record/connection_adapters/abstract/connection_pool.rb:628:in `rescue in call'
  activerecord (4.1.9) lib/active_record/connection_adapters/abstract/connection_pool.rb:619:in `call'
  activerecord (4.1.9) lib/active_record/migration.rb:380:in `call'
  actionpack (4.1.9) lib/action_dispatch/middleware/callbacks.rb:29:in `block in call'
  activesupport (4.1.9) lib/active_support/callbacks.rb:82:in `run_callbacks'
  actionpack (4.1.9) lib/action_dispatch/middleware/callbacks.rb:27:in `call'
  actionpack (4.1.9) lib/action_dispatch/middleware/reloader.rb:73:in `call'
  actionpack (4.1.9) lib/action_dispatch/middleware/remote_ip.rb:76:in `call'
  actionpack (4.1.9) lib/action_dispatch/middleware/debug_exceptions.rb:17:in `call'
  actionpack (4.1.9) lib/action_dispatch/middleware/show_exceptions.rb:30:in `call'
  railties (4.1.9) lib/rails/rack/logger.rb:38:in `call_app'
  railties (4.1.9) lib/rails/rack/logger.rb:20:in `block in call'
  activesupport (4.1.9) lib/active_support/tagged_logging.rb:68:in `block in tagged'
  activesupport (4.1.9) lib/active_support/tagged_logging.rb:26:in `tagged'
  activesupport (4.1.9) lib/active_support/tagged_logging.rb:68:in `tagged'
  railties (4.1.9) lib/rails/rack/logger.rb:20:in `call'
  actionpack (4.1.9) lib/action_dispatch/middleware/request_id.rb:21:in `call'
  rack (1.5.3) lib/rack/methodoverride.rb:21:in `call'
  rack (1.5.3) lib/rack/runtime.rb:17:in `call'
  activesupport (4.1.9) lib/active_support/cache/strategy/local_cache_middleware.rb:26:in `call'
  rack (1.5.3) lib/rack/lock.rb:17:in `call'
  actionpack (4.1.9) lib/action_dispatch/middleware/static.rb:84:in `call'
  rack (1.5.3) lib/rack/sendfile.rb:112:in `call'
  railties (4.1.9) lib/rails/engine.rb:514:in `call'
  railties (4.1.9) lib/rails/application.rb:144:in `call'
  rack (1.5.3) lib/rack/lock.rb:17:in `call'
  rack (1.5.3) lib/rack/content_length.rb:14:in `call'
  rack (1.5.3) lib/rack/handler/webrick.rb:60:in `service'
  /Users/prabhat/.rbenv/versions/2.1.6/lib/ruby/2.1.0/webrick/httpserver.rb:138:in `service'
  /Users/prabhat/.rbenv/versions/2.1.6/lib/ruby/2.1.0/webrick/httpserver.rb:94:in `run'
  /Users/prabhat/.rbenv/versions/2.1.6/lib/ruby/2.1.0/webrick/server.rb:295:in `block in start_thread'


  Rendered /Users/prabhat/.rbenv/versions/2.1.6/lib/ruby/gems/2.1.0/gems/actionpack-4.1.9/lib/action_dispatch/middleware/templates/rescues/_source.erb (0.4ms)
  Rendered /Users/prabhat/.rbenv/versions/2.1.6/lib/ruby/gems/2.1.0/gems/actionpack-4.1.9/lib/action_dispatch/middleware/templates/rescues/_trace.html.erb (0.8ms)
  Rendered /Users/prabhat/.rbenv/versions/2.1.6/lib/ruby/gems/2.1.0/gems/actionpack-4.1.9/lib/action_dispatch/middleware/templates/rescues/_request_and_response.html.erb (0.6ms)
  Rendered /Users/prabhat/.rbenv/versions/2.1.6/lib/ruby/gems/2.1.0/gems/actionpack-4.1.9/lib/action_dispatch/middleware/templates/rescues/diagnostics.erb within rescues/layout (12.6ms)


Started GET "/" for 127.0.0.1 at 2015-05-15 01:17:04 +0530

Gem::LoadError (Specified 'mysql2' for database adapter, but the gem is not loaded. Add `gem 'mysql2'` to your Gemfile (and ensure its version is at the minimum required by ActiveRecord).):
  activerecord (4.1.9) lib/active_record/connection_adapters/connection_specification.rb:190:in `rescue in spec'
  activerecord (4.1.9) lib/active_record/connection_adapters/connection_specification.rb:187:in `spec'
  activerecord (4.1.9) lib/active_record/connection_handling.rb:50:in `establish_connection'
  activerecord (4.1.9) lib/active_record/railtie.rb:127:in `block (2 levels) in <class:Railtie>'
  activesupport (4.1.9) lib/active_support/lazy_load_hooks.rb:38:in `instance_eval'
  activesupport (4.1.9) lib/active_support/lazy_load_hooks.rb:38:in `execute_hook'
  activesupport (4.1.9) lib/active_support/lazy_load_hooks.rb:45:in `block in run_load_hooks'
  activesupport (4.1.9) lib/active_support/lazy_load_hooks.rb:44:in `each'
  activesupport (4.1.9) lib/active_support/lazy_load_hooks.rb:44:in `run_load_hooks'
  activerecord (4.1.9) lib/active_record/base.rb:326:in `<module:ActiveRecord>'
  activerecord (4.1.9) lib/active_record/base.rb:23:in `<top (required)>'
  activerecord (4.1.9) lib/active_record/connection_adapters/abstract/connection_pool.rb:628:in `rescue in call'
  activerecord (4.1.9) lib/active_record/connection_adapters/abstract/connection_pool.rb:619:in `call'
  activerecord (4.1.9) lib/active_record/migration.rb:380:in `call'
  actionpack (4.1.9) lib/action_dispatch/middleware/callbacks.rb:29:in `block in call'
  activesupport (4.1.9) lib/active_support/callbacks.rb:82:in `run_callbacks'
  actionpack (4.1.9) lib/action_dispatch/middleware/callbacks.rb:27:in `call'
  actionpack (4.1.9) lib/action_dispatch/middleware/reloader.rb:73:in `call'
  actionpack (4.1.9) lib/action_dispatch/middleware/remote_ip.rb:76:in `call'
  actionpack (4.1.9) lib/action_dispatch/middleware/debug_exceptions.rb:17:in `call'
  actionpack (4.1.9) lib/action_dispatch/middleware/show_exceptions.rb:30:in `call'
  railties (4.1.9) lib/rails/rack/logger.rb:38:in `call_app'
  railties (4.1.9) lib/rails/rack/logger.rb:20:in `block in call'
  activesupport (4.1.9) lib/active_support/tagged_logging.rb:68:in `block in tagged'
  activesupport (4.1.9) lib/active_support/tagged_logging.rb:26:in `tagged'
  activesupport (4.1.9) lib/active_support/tagged_logging.rb:68:in `tagged'
  railties (4.1.9) lib/rails/rack/logger.rb:20:in `call'
  actionpack (4.1.9) lib/action_dispatch/middleware/request_id.rb:21:in `call'
  rack (1.5.3) lib/rack/methodoverride.rb:21:in `call'
  rack (1.5.3) lib/rack/runtime.rb:17:in `call'
  activesupport (4.1.9) lib/active_support/cache/strategy/local_cache_middleware.rb:26:in `call'
  rack (1.5.3) lib/rack/lock.rb:17:in `call'
  actionpack (4.1.9) lib/action_dispatch/middleware/static.rb:84:in `call'
  rack (1.5.3) lib/rack/sendfile.rb:112:in `call'
  railties (4.1.9) lib/rails/engine.rb:514:in `call'
  railties (4.1.9) lib/rails/application.rb:144:in `call'
  rack (1.5.3) lib/rack/lock.rb:17:in `call'
  rack (1.5.3) lib/rack/content_length.rb:14:in `call'
  rack (1.5.3) lib/rack/handler/webrick.rb:60:in `service'
  /Users/prabhat/.rbenv/versions/2.0.0-p645/lib/ruby/2.0.0/webrick/httpserver.rb:138:in `service'
  /Users/prabhat/.rbenv/versions/2.0.0-p645/lib/ruby/2.0.0/webrick/httpserver.rb:94:in `run'
  /Users/prabhat/.rbenv/versions/2.0.0-p645/lib/ruby/2.0.0/webrick/server.rb:295:in `block in start_thread'


  Rendered /Users/prabhat/.rbenv/versions/2.0.0-p645/lib/ruby/gems/2.0.0/gems/actionpack-4.1.9/lib/action_dispatch/middleware/templates/rescues/_source.erb (0.4ms)
  Rendered /Users/prabhat/.rbenv/versions/2.0.0-p645/lib/ruby/gems/2.0.0/gems/actionpack-4.1.9/lib/action_dispatch/middleware/templates/rescues/_trace.html.erb (0.7ms)
  Rendered /Users/prabhat/.rbenv/versions/2.0.0-p645/lib/ruby/gems/2.0.0/gems/actionpack-4.1.9/lib/action_dispatch/middleware/templates/rescues/_request_and_response.html.erb (0.6ms)
  Rendered /Users/prabhat/.rbenv/versions/2.0.0-p645/lib/ruby/gems/2.0.0/gems/actionpack-4.1.9/lib/action_dispatch/middleware/templates/rescues/diagnostics.erb within rescues/layout (13.9ms)


Started GET "/" for 127.0.0.1 at 2015-05-15 01:18:54 +0530
Processing by Rails::WelcomeController#index as HTML
  Rendered /Users/prabhat/.rbenv/versions/2.0.0-p645/lib/ruby/gems/2.0.0/gems/railties-4.1.9/lib/rails/templates/rails/welcome/index.html.erb (1.1ms)
Completed 200 OK in 13ms (Views: 6.0ms | ActiveRecord: 0.0ms)
